2025-11-06T14:16:49.064+09:00  INFO 23320 --- [hangle-app] [main] com.example.hangle.HangleApplication     : Starting HangleApplication using Java 21.0.2 with PID 23320 (C:\Users\Jay\Downloads\팀플\HANGLE_WEB\Hangle-PROJECT\SPRINGBOOT\demo\demo\out\production\classes started by Jay in C:\Users\Jay\Downloads\팀플\HANGLE_WEB\Hangle-PROJECT\SPRINGBOOT\demo\demo)
2025-11-06T14:16:49.071+09:00  INFO 23320 --- [hangle-app] [main] com.example.hangle.HangleApplication     : The following 1 profile is active: "dev"
2025-11-06T14:16:50.173+09:00  INFO 23320 --- [hangle-app] [main] .s.d.r.c.RepositoryConfigurationDelegate : Bootstrapping Spring Data JPA repositories in DEFAULT mode.
2025-11-06T14:16:50.247+09:00  INFO 23320 --- [hangle-app] [main] .s.d.r.c.RepositoryConfigurationDelegate : Finished Spring Data repository scanning in 58 ms. Found 1 JPA repository interface.
2025-11-06T14:16:50.954+09:00  INFO 23320 --- [hangle-app] [main] o.s.b.w.embedded.tomcat.TomcatWebServer  : Tomcat initialized with port 8088 (http)
2025-11-06T14:16:50.983+09:00  INFO 23320 --- [hangle-app] [main] o.apache.catalina.core.StandardService   : Starting service [Tomcat]
2025-11-06T14:16:50.983+09:00  INFO 23320 --- [hangle-app] [main] o.apache.catalina.core.StandardEngine    : Starting Servlet engine: [Apache Tomcat/10.1.48]
2025-11-06T14:16:51.073+09:00  INFO 23320 --- [hangle-app] [main] o.a.c.c.C.[Tomcat].[localhost].[/]       : Initializing Spring embedded WebApplicationContext
2025-11-06T14:16:51.073+09:00  INFO 23320 --- [hangle-app] [main] w.s.c.ServletWebServerApplicationContext : Root WebApplicationContext: initialization completed in 1910 ms
2025-11-06T14:16:51.497+09:00  INFO 23320 --- [hangle-app] [main] o.hibernate.jpa.internal.util.LogHelper  : HHH000204: Processing PersistenceUnitInfo [name: default]
2025-11-06T14:16:51.657+09:00  INFO 23320 --- [hangle-app] [main] org.hibernate.Version                    : HHH000412: Hibernate ORM core version 6.6.33.Final
2025-11-06T14:16:51.726+09:00  INFO 23320 --- [hangle-app] [main] o.h.c.internal.RegionFactoryInitiator    : HHH000026: Second-level cache disabled
2025-11-06T14:16:52.064+09:00  INFO 23320 --- [hangle-app] [main] o.s.o.j.p.SpringPersistenceUnitInfo      : No LoadTimeWeaver setup: ignoring JPA class transformer
2025-11-06T14:16:52.099+09:00  INFO 23320 --- [hangle-app] [main] com.zaxxer.hikari.HikariDataSource       : HikariPool-1 - Starting...
2025-11-06T14:16:52.461+09:00  INFO 23320 --- [hangle-app] [main] com.zaxxer.hikari.pool.HikariPool        : HikariPool-1 - Added connection com.mysql.cj.jdbc.ConnectionImpl@1dbff71c
2025-11-06T14:16:52.462+09:00  INFO 23320 --- [hangle-app] [main] com.zaxxer.hikari.HikariDataSource       : HikariPool-1 - Start completed.
2025-11-06T14:16:52.520+09:00  WARN 23320 --- [hangle-app] [main] org.hibernate.orm.deprecation            : HHH90000025: MySQLDialect does not need to be specified explicitly using 'hibernate.dialect' (remove the property setting and it will be selected by default)
2025-11-06T14:16:52.536+09:00  INFO 23320 --- [hangle-app] [main] org.hibernate.orm.connections.pooling    : HHH10001005: Database info:
	Database JDBC URL [Connecting through datasource 'HikariDataSource (HikariPool-1)']
	Database driver: undefined/unknown
	Database version: 8.0.43
	Autocommit mode: undefined/unknown
	Isolation level: undefined/unknown
	Minimum pool size: undefined/unknown
	Maximum pool size: undefined/unknown
2025-11-06T14:16:53.352+09:00  INFO 23320 --- [hangle-app] [main] o.h.e.t.j.p.i.JtaPlatformInitiator       : HHH000489: No JTA platform available (set 'hibernate.transaction.jta.platform' to enable JTA platform integration)
2025-11-06T14:16:53.356+09:00  INFO 23320 --- [hangle-app] [main] j.LocalContainerEntityManagerFactoryBean : Initialized JPA EntityManagerFactory for persistence unit 'default'
2025-11-06T14:16:53.864+09:00  WARN 23320 --- [hangle-app] [main] JpaBaseConfiguration$JpaWebConfiguration : spring.jpa.open-in-view is enabled by default. Therefore, database queries may be performed during view rendering. Explicitly configure spring.jpa.open-in-view to disable this warning
2025-11-06T14:16:53.973+09:00  INFO 23320 --- [hangle-app] [main] r$InitializeUserDetailsManagerConfigurer : Global AuthenticationManager configured with UserDetailsService bean with name userDetailsService
2025-11-06T14:16:54.091+09:00  INFO 23320 --- [hangle-app] [main] o.s.b.a.w.s.WelcomePageHandlerMapping    : Adding welcome page: class path resource [static/index.html]
2025-11-06T14:16:54.162+09:00 DEBUG 23320 --- [hangle-app] [main] s.w.s.m.m.a.RequestMappingHandlerMapping : 13 mappings in 'requestMappingHandlerMapping'
2025-11-06T14:16:54.167+09:00 DEBUG 23320 --- [hangle-app] [main] o.s.w.s.handler.SimpleUrlHandlerMapping  : Patterns [/] in 'viewControllerHandlerMapping'
2025-11-06T14:16:54.268+09:00 DEBUG 23320 --- [hangle-app] [main] o.s.w.s.handler.SimpleUrlHandlerMapping  : Patterns [/webjars/**, /**] in 'resourceHandlerMapping'
2025-11-06T14:16:54.526+09:00 DEBUG 23320 --- [hangle-app] [main] s.w.s.m.m.a.RequestMappingHandlerAdapter : ControllerAdvice beans: 0 @ModelAttribute, 0 @InitBinder, 1 RequestBodyAdvice, 1 ResponseBodyAdvice
2025-11-06T14:16:54.617+09:00 DEBUG 23320 --- [hangle-app] [main] .m.m.a.ExceptionHandlerExceptionResolver : ControllerAdvice beans: 0 @ExceptionHandler, 1 ResponseBodyAdvice
2025-11-06T14:16:54.843+09:00  INFO 23320 --- [hangle-app] [main] o.s.b.w.embedded.tomcat.TomcatWebServer  : Tomcat started on port 8088 (http) with context path '/'
2025-11-06T14:16:54.853+09:00  INFO 23320 --- [hangle-app] [main] com.example.hangle.HangleApplication     : Started HangleApplication in 6.607 seconds (process running for 7.32)
2025-11-06T14:17:10.072+09:00  INFO 23320 --- [hangle-app] [http-nio-8088-exec-1] o.a.c.c.C.[Tomcat].[localhost].[/]       : Initializing Spring DispatcherServlet 'dispatcherServlet'
2025-11-06T14:17:10.073+09:00  INFO 23320 --- [hangle-app] [http-nio-8088-exec-1] o.s.web.servlet.DispatcherServlet        : Initializing Servlet 'dispatcherServlet'
2025-11-06T14:17:10.073+09:00 DEBUG 23320 --- [hangle-app] [http-nio-8088-exec-1] o.s.web.servlet.DispatcherServlet        : Detected StandardServletMultipartResolver
2025-11-06T14:17:10.073+09:00 DEBUG 23320 --- [hangle-app] [http-nio-8088-exec-1] o.s.web.servlet.DispatcherServlet        : Detected AcceptHeaderLocaleResolver
2025-11-06T14:17:10.073+09:00 DEBUG 23320 --- [hangle-app] [http-nio-8088-exec-1] o.s.web.servlet.DispatcherServlet        : Detected FixedThemeResolver
2025-11-06T14:17:10.073+09:00 DEBUG 23320 --- [hangle-app] [http-nio-8088-exec-1] o.s.web.servlet.DispatcherServlet        : Detected org.springframework.web.servlet.view.DefaultRequestToViewNameTranslator@71b6edfb
2025-11-06T14:17:10.073+09:00 DEBUG 23320 --- [hangle-app] [http-nio-8088-exec-1] o.s.web.servlet.DispatcherServlet        : Detected org.springframework.web.servlet.support.SessionFlashMapManager@1bd6bfb0
2025-11-06T14:17:10.074+09:00 DEBUG 23320 --- [hangle-app] [http-nio-8088-exec-1] o.s.web.servlet.DispatcherServlet        : enableLoggingRequestDetails='false': request parameters and headers will be masked to prevent unsafe logging of potentially sensitive data
2025-11-06T14:17:10.074+09:00  INFO 23320 --- [hangle-app] [http-nio-8088-exec-1] o.s.web.servlet.DispatcherServlet        : Completed initialization in 1 ms
2025-11-06T14:17:10.116+09:00 DEBUG 23320 --- [hangle-app] [http-nio-8088-exec-1] o.s.web.servlet.DispatcherServlet        : GET "/", parameters={}
2025-11-06T14:17:10.118+09:00 DEBUG 23320 --- [hangle-app] [http-nio-8088-exec-1] s.w.s.m.m.a.RequestMappingHandlerMapping : Mapped to com.example.hangle.controller.ViewController#indexPage()
2025-11-06T14:17:10.131+09:00 DEBUG 23320 --- [hangle-app] [http-nio-8088-exec-1] o.s.w.s.v.ContentNegotiatingViewResolver : Selected 'text/html' given [text/html, application/xhtml+xml, image/avif, image/webp, image/apng, application/xml;q=0.9, */*;q=0.8, application/signed-exchange;v=b3;q=0.7]
2025-11-06T14:17:10.132+09:00 DEBUG 23320 --- [hangle-app] [http-nio-8088-exec-1] o.s.w.servlet.view.InternalResourceView  : View name [forward:], model {}
2025-11-06T14:17:10.134+09:00 DEBUG 23320 --- [hangle-app] [http-nio-8088-exec-1] o.s.w.servlet.view.InternalResourceView  : Forwarding to [/index.html]
2025-11-06T14:17:10.139+09:00 DEBUG 23320 --- [hangle-app] [http-nio-8088-exec-1] o.s.web.servlet.DispatcherServlet        : "FORWARD" dispatch for GET "/index.html", parameters={}
2025-11-06T14:17:10.140+09:00 DEBUG 23320 --- [hangle-app] [http-nio-8088-exec-1] o.s.w.s.handler.SimpleUrlHandlerMapping  : Mapped to ResourceHttpRequestHandler [classpath [static/]]
2025-11-06T14:17:10.180+09:00 DEBUG 23320 --- [hangle-app] [http-nio-8088-exec-1] o.s.web.servlet.DispatcherServlet        : Exiting from "FORWARD" dispatch, status 200
2025-11-06T14:17:10.183+09:00 DEBUG 23320 --- [hangle-app] [http-nio-8088-exec-1] o.s.web.servlet.DispatcherServlet        : Completed 200 OK
2025-11-06T14:17:10.234+09:00 DEBUG 23320 --- [hangle-app] [http-nio-8088-exec-2] o.s.web.servlet.DispatcherServlet        : GET "/css/style.css", parameters={}
2025-11-06T14:17:10.235+09:00 DEBUG 23320 --- [hangle-app] [http-nio-8088-exec-2] o.s.w.s.handler.SimpleUrlHandlerMapping  : Mapped to ResourceHttpRequestHandler [classpath [static/]]
2025-11-06T14:17:10.239+09:00 DEBUG 23320 --- [hangle-app] [http-nio-8088-exec-3] o.s.web.servlet.DispatcherServlet        : GET "/js/dataset.js", parameters={}
2025-11-06T14:17:10.240+09:00 DEBUG 23320 --- [hangle-app] [http-nio-8088-exec-3] o.s.w.s.handler.SimpleUrlHandlerMapping  : Mapped to ResourceHttpRequestHandler [classpath [static/]]
2025-11-06T14:17:10.253+09:00 DEBUG 23320 --- [hangle-app] [http-nio-8088-exec-2] o.s.web.servlet.DispatcherServlet        : Completed 200 OK
2025-11-06T14:17:10.269+09:00 DEBUG 23320 --- [hangle-app] [http-nio-8088-exec-3] o.s.web.servlet.DispatcherServlet        : Completed 200 OK
2025-11-06T14:17:10.367+09:00 DEBUG 23320 --- [hangle-app] [http-nio-8088-exec-4] o.s.web.servlet.DispatcherServlet        : GET "/favicon.ico", parameters={}
2025-11-06T14:17:10.368+09:00 DEBUG 23320 --- [hangle-app] [http-nio-8088-exec-4] o.s.w.s.handler.SimpleUrlHandlerMapping  : Mapped to ResourceHttpRequestHandler [classpath [static/]]
2025-11-06T14:17:10.369+09:00 DEBUG 23320 --- [hangle-app] [http-nio-8088-exec-4] o.s.w.s.r.ResourceHttpRequestHandler     : Resource not found
2025-11-06T14:17:10.372+09:00 DEBUG 23320 --- [hangle-app] [http-nio-8088-exec-4] .w.s.m.s.DefaultHandlerExceptionResolver : Resolved [org.springframework.web.servlet.resource.NoResourceFoundException: No static resource favicon.ico.]
2025-11-06T14:17:10.372+09:00 DEBUG 23320 --- [hangle-app] [http-nio-8088-exec-4] o.s.web.servlet.DispatcherServlet        : Completed 404 NOT_FOUND
2025-11-06T14:17:10.374+09:00 DEBUG 23320 --- [hangle-app] [http-nio-8088-exec-4] o.s.web.servlet.DispatcherServlet        : "ERROR" dispatch for GET "/error", parameters={}
2025-11-06T14:17:10.374+09:00 DEBUG 23320 --- [hangle-app] [http-nio-8088-exec-4] s.w.s.m.m.a.RequestMappingHandlerMapping : Mapped to org.springframework.boot.autoconfigure.web.servlet.error.BasicErrorController#error(HttpServletRequest)
2025-11-06T14:17:10.396+09:00 DEBUG 23320 --- [hangle-app] [http-nio-8088-exec-4] o.s.w.s.m.m.a.HttpEntityMethodProcessor  : Using 'application/json;q=0.8', given [image/avif, image/webp, image/apng, image/svg+xml, image/*, */*;q=0.8] and supported [application/json, application/*+json]
2025-11-06T14:17:10.398+09:00 DEBUG 23320 --- [hangle-app] [http-nio-8088-exec-4] o.s.w.s.m.m.a.HttpEntityMethodProcessor  : Writing [{timestamp=Thu Nov 06 14:17:10 GMT+09:00 2025, status=404, error=Not Found, path=/favicon.ico}]
2025-11-06T14:17:10.450+09:00 DEBUG 23320 --- [hangle-app] [http-nio-8088-exec-4] o.s.web.servlet.DispatcherServlet        : Exiting from "ERROR" dispatch, status 404
2025-11-06T14:30:22.464+09:00 DEBUG 23320 --- [hangle-app] [http-nio-8088-exec-7] o.s.web.servlet.DispatcherServlet        : GET "/api/datasets", parameters={}
2025-11-06T14:30:22.465+09:00 DEBUG 23320 --- [hangle-app] [http-nio-8088-exec-7] s.w.s.m.m.a.RequestMappingHandlerMapping : Mapped to com.example.hangle.controller.DatasetController#getAll()
2025-11-06T14:30:22.571+09:00 DEBUG 23320 --- [hangle-app] [http-nio-8088-exec-7] org.hibernate.SQL                        : 
    select
        d1_0.id,
        d1_0.author,
        d1_0.created_at,
        d1_0.description,
        d1_0.likes,
        d1_0.title 
    from
        datasets d1_0 
    order by
        d1_0.created_at desc
2025-11-06T14:30:22.608+09:00 DEBUG 23320 --- [hangle-app] [http-nio-8088-exec-7] m.m.a.RequestResponseBodyMethodProcessor : Using 'application/json', given [*/*] and supported [application/json, application/*+json]
2025-11-06T14:30:22.609+09:00 DEBUG 23320 --- [hangle-app] [http-nio-8088-exec-7] m.m.a.RequestResponseBodyMethodProcessor : Writing [[com.example.hangle.entity.Dataset@561e1baf, com.example.hangle.entity.Dataset@6a64c77c, com.example (truncated)...]
2025-11-06T14:30:22.618+09:00 DEBUG 23320 --- [hangle-app] [http-nio-8088-exec-7] o.s.web.servlet.DispatcherServlet        : Completed 200 OK
2025-11-06T14:30:41.839+09:00 DEBUG 23320 --- [hangle-app] [http-nio-8088-exec-8] o.s.web.servlet.DispatcherServlet        : PUT "/api/datasets/5/like", parameters={}
2025-11-06T14:30:41.840+09:00 DEBUG 23320 --- [hangle-app] [http-nio-8088-exec-8] s.w.s.m.m.a.RequestMappingHandlerMapping : Mapped to com.example.hangle.controller.DatasetController#increaseLikes(Long)
2025-11-06T14:30:41.880+09:00 DEBUG 23320 --- [hangle-app] [http-nio-8088-exec-8] org.hibernate.SQL                        : 
    select
        d1_0.id,
        d1_0.author,
        d1_0.created_at,
        d1_0.description,
        d1_0.likes,
        d1_0.title 
    from
        datasets d1_0 
    where
        d1_0.id=?
2025-11-06T14:30:41.910+09:00 DEBUG 23320 --- [hangle-app] [http-nio-8088-exec-8] org.hibernate.SQL                        : 
    update
        datasets 
    set
        author=?,
        description=?,
        likes=?,
        title=? 
    where
        id=?
2025-11-06T14:30:41.928+09:00 DEBUG 23320 --- [hangle-app] [http-nio-8088-exec-8] m.m.a.RequestResponseBodyMethodProcessor : Using 'application/json', given [*/*] and supported [application/json, application/*+json]
2025-11-06T14:30:41.928+09:00 DEBUG 23320 --- [hangle-app] [http-nio-8088-exec-8] m.m.a.RequestResponseBodyMethodProcessor : Writing [com.example.hangle.entity.Dataset@5b68c96]
2025-11-06T14:30:41.929+09:00 DEBUG 23320 --- [hangle-app] [http-nio-8088-exec-8] o.s.web.servlet.DispatcherServlet        : Completed 200 OK
2025-11-06T15:09:33.889+09:00 DEBUG 23320 --- [hangle-app] [http-nio-8088-exec-10] o.s.web.servlet.DispatcherServlet        : GET "/api/datasets", parameters={}
2025-11-06T15:09:33.889+09:00 DEBUG 23320 --- [hangle-app] [http-nio-8088-exec-10] s.w.s.m.m.a.RequestMappingHandlerMapping : Mapped to com.example.hangle.controller.DatasetController#getAll()
2025-11-06T15:09:33.891+09:00 DEBUG 23320 --- [hangle-app] [http-nio-8088-exec-10] org.hibernate.SQL                        : 
    select
        d1_0.id,
        d1_0.author,
        d1_0.created_at,
        d1_0.description,
        d1_0.likes,
        d1_0.title 
    from
        datasets d1_0 
    order by
        d1_0.created_at desc
2025-11-06T15:09:33.916+09:00 DEBUG 23320 --- [hangle-app] [http-nio-8088-exec-10] m.m.a.RequestResponseBodyMethodProcessor : Using 'application/json', given [*/*] and supported [application/json, application/*+json]
2025-11-06T15:09:33.916+09:00 DEBUG 23320 --- [hangle-app] [http-nio-8088-exec-10] m.m.a.RequestResponseBodyMethodProcessor : Writing [[com.example.hangle.entity.Dataset@79b65cc8, com.example.hangle.entity.Dataset@63949a35, com.example (truncated)...]
2025-11-06T15:09:33.917+09:00 DEBUG 23320 --- [hangle-app] [http-nio-8088-exec-10] o.s.web.servlet.DispatcherServlet        : Completed 200 OK
2025-11-06T15:10:12.108+09:00 DEBUG 23320 --- [hangle-app] [http-nio-8088-exec-1] o.s.web.servlet.DispatcherServlet        : POST "/api/datasets", parameters={}
2025-11-06T15:10:12.108+09:00 DEBUG 23320 --- [hangle-app] [http-nio-8088-exec-1] s.w.s.m.m.a.RequestMappingHandlerMapping : Mapped to com.example.hangle.controller.DatasetController#add(Dataset)
2025-11-06T15:10:12.154+09:00 DEBUG 23320 --- [hangle-app] [http-nio-8088-exec-1] m.m.a.RequestResponseBodyMethodProcessor : Read "application/json;charset=UTF-8" to [com.example.hangle.entity.Dataset@4fb0d377]
2025-11-06T15:10:12.173+09:00 DEBUG 23320 --- [hangle-app] [http-nio-8088-exec-1] org.hibernate.SQL                        : 
    insert 
    into
        datasets
        (author, created_at, description, likes, title) 
    values
        (?, ?, ?, ?, ?)
2025-11-06T15:10:12.193+09:00 DEBUG 23320 --- [hangle-app] [http-nio-8088-exec-1] m.m.a.RequestResponseBodyMethodProcessor : Using 'application/json', given [*/*] and supported [application/json, application/*+json]
2025-11-06T15:10:12.193+09:00 DEBUG 23320 --- [hangle-app] [http-nio-8088-exec-1] m.m.a.RequestResponseBodyMethodProcessor : Writing [com.example.hangle.entity.Dataset@4fb0d377]
2025-11-06T15:10:12.194+09:00 DEBUG 23320 --- [hangle-app] [http-nio-8088-exec-1] o.s.web.servlet.DispatcherServlet        : Completed 200 OK
2025-11-06T15:10:13.393+09:00 DEBUG 23320 --- [hangle-app] [http-nio-8088-exec-2] o.s.web.servlet.DispatcherServlet        : GET "/", parameters={}
2025-11-06T15:10:13.393+09:00 DEBUG 23320 --- [hangle-app] [http-nio-8088-exec-2] s.w.s.m.m.a.RequestMappingHandlerMapping : Mapped to com.example.hangle.controller.ViewController#indexPage()
2025-11-06T15:10:13.394+09:00 DEBUG 23320 --- [hangle-app] [http-nio-8088-exec-2] o.s.w.s.v.ContentNegotiatingViewResolver : Selected 'text/html' given [text/html, application/xhtml+xml, image/avif, image/webp, image/apng, application/xml;q=0.9, */*;q=0.8, application/signed-exchange;v=b3;q=0.7]
2025-11-06T15:10:13.395+09:00 DEBUG 23320 --- [hangle-app] [http-nio-8088-exec-2] o.s.w.servlet.view.InternalResourceView  : View name [forward:], model {}
2025-11-06T15:10:13.395+09:00 DEBUG 23320 --- [hangle-app] [http-nio-8088-exec-2] o.s.w.servlet.view.InternalResourceView  : Forwarding to [/index.html]
2025-11-06T15:10:13.397+09:00 DEBUG 23320 --- [hangle-app] [http-nio-8088-exec-2] o.s.web.servlet.DispatcherServlet        : "FORWARD" dispatch for GET "/index.html", parameters={}
2025-11-06T15:10:13.398+09:00 DEBUG 23320 --- [hangle-app] [http-nio-8088-exec-2] o.s.w.s.handler.SimpleUrlHandlerMapping  : Mapped to ResourceHttpRequestHandler [classpath [static/]]
2025-11-06T15:10:13.403+09:00 DEBUG 23320 --- [hangle-app] [http-nio-8088-exec-2] o.s.web.servlet.DispatcherServlet        : Exiting from "FORWARD" dispatch, status 200
2025-11-06T15:10:13.404+09:00 DEBUG 23320 --- [hangle-app] [http-nio-8088-exec-2] o.s.web.servlet.DispatcherServlet        : Completed 200 OK
2025-11-06T15:10:13.429+09:00 DEBUG 23320 --- [hangle-app] [http-nio-8088-exec-3] o.s.web.servlet.DispatcherServlet        : GET "/css/style.css", parameters={}
2025-11-06T15:10:13.430+09:00 DEBUG 23320 --- [hangle-app] [http-nio-8088-exec-3] o.s.w.s.handler.SimpleUrlHandlerMapping  : Mapped to ResourceHttpRequestHandler [classpath [static/]]
2025-11-06T15:10:13.430+09:00 DEBUG 23320 --- [hangle-app] [http-nio-8088-exec-4] o.s.web.servlet.DispatcherServlet        : GET "/js/dataset.js", parameters={}
2025-11-06T15:10:13.431+09:00 DEBUG 23320 --- [hangle-app] [http-nio-8088-exec-4] o.s.w.s.handler.SimpleUrlHandlerMapping  : Mapped to ResourceHttpRequestHandler [classpath [static/]]
2025-11-06T15:10:13.435+09:00 DEBUG 23320 --- [hangle-app] [http-nio-8088-exec-3] o.s.web.servlet.DispatcherServlet        : Completed 200 OK
2025-11-06T15:10:13.435+09:00 DEBUG 23320 --- [hangle-app] [http-nio-8088-exec-4] o.s.web.servlet.DispatcherServlet        : Completed 200 OK
2025-11-06T15:12:09.006+09:00 DEBUG 23320 --- [hangle-app] [http-nio-8088-exec-7] o.s.web.servlet.DispatcherServlet        : GET "/api/datasets", parameters={}
2025-11-06T15:12:09.006+09:00 DEBUG 23320 --- [hangle-app] [http-nio-8088-exec-7] s.w.s.m.m.a.RequestMappingHandlerMapping : Mapped to com.example.hangle.controller.DatasetController#getAll()
2025-11-06T15:12:09.008+09:00 DEBUG 23320 --- [hangle-app] [http-nio-8088-exec-7] org.hibernate.SQL                        : 
    select
        d1_0.id,
        d1_0.author,
        d1_0.created_at,
        d1_0.description,
        d1_0.likes,
        d1_0.title 
    from
        datasets d1_0 
    order by
        d1_0.created_at desc
2025-11-06T15:12:09.013+09:00 DEBUG 23320 --- [hangle-app] [http-nio-8088-exec-7] m.m.a.RequestResponseBodyMethodProcessor : Using 'application/json', given [*/*] and supported [application/json, application/*+json]
2025-11-06T15:12:09.014+09:00 DEBUG 23320 --- [hangle-app] [http-nio-8088-exec-7] m.m.a.RequestResponseBodyMethodProcessor : Writing [[com.example.hangle.entity.Dataset@446a1304, com.example.hangle.entity.Dataset@7afab58b, com.example (truncated)...]
2025-11-06T15:12:09.015+09:00 DEBUG 23320 --- [hangle-app] [http-nio-8088-exec-7] o.s.web.servlet.DispatcherServlet        : Completed 200 OK
2025-11-06T15:12:11.081+09:00 DEBUG 23320 --- [hangle-app] [http-nio-8088-exec-8] o.s.web.servlet.DispatcherServlet        : GET "/api/datasets/sort/likes", parameters={}
2025-11-06T15:12:11.081+09:00 DEBUG 23320 --- [hangle-app] [http-nio-8088-exec-8] s.w.s.m.m.a.RequestMappingHandlerMapping : Mapped to com.example.hangle.controller.DatasetController#getByLikes()
2025-11-06T15:12:11.082+09:00 DEBUG 23320 --- [hangle-app] [http-nio-8088-exec-8] org.hibernate.SQL                        : 
    select
        d1_0.id,
        d1_0.author,
        d1_0.created_at,
        d1_0.description,
        d1_0.likes,
        d1_0.title 
    from
        datasets d1_0 
    order by
        d1_0.likes desc
2025-11-06T15:12:11.086+09:00 DEBUG 23320 --- [hangle-app] [http-nio-8088-exec-8] m.m.a.RequestResponseBodyMethodProcessor : Using 'application/json', given [*/*] and supported [application/json, application/*+json]
2025-11-06T15:12:11.087+09:00 DEBUG 23320 --- [hangle-app] [http-nio-8088-exec-8] m.m.a.RequestResponseBodyMethodProcessor : Writing [[com.example.hangle.entity.Dataset@2090c36f, com.example.hangle.entity.Dataset@38257bc6, com.example (truncated)...]
2025-11-06T15:12:11.088+09:00 DEBUG 23320 --- [hangle-app] [http-nio-8088-exec-8] o.s.web.servlet.DispatcherServlet        : Completed 200 OK
2025-11-06T15:12:11.281+09:00 DEBUG 23320 --- [hangle-app] [http-nio-8088-exec-9] o.s.web.servlet.DispatcherServlet        : GET "/api/datasets", parameters={}
2025-11-06T15:12:11.281+09:00 DEBUG 23320 --- [hangle-app] [http-nio-8088-exec-9] s.w.s.m.m.a.RequestMappingHandlerMapping : Mapped to com.example.hangle.controller.DatasetController#getAll()
2025-11-06T15:12:11.284+09:00 DEBUG 23320 --- [hangle-app] [http-nio-8088-exec-9] org.hibernate.SQL                        : 
    select
        d1_0.id,
        d1_0.author,
        d1_0.created_at,
        d1_0.description,
        d1_0.likes,
        d1_0.title 
    from
        datasets d1_0 
    order by
        d1_0.created_at desc
2025-11-06T15:12:11.286+09:00 DEBUG 23320 --- [hangle-app] [http-nio-8088-exec-9] m.m.a.RequestResponseBodyMethodProcessor : Using 'application/json', given [*/*] and supported [application/json, application/*+json]
2025-11-06T15:12:11.287+09:00 DEBUG 23320 --- [hangle-app] [http-nio-8088-exec-9] m.m.a.RequestResponseBodyMethodProcessor : Writing [[com.example.hangle.entity.Dataset@61f9d534, com.example.hangle.entity.Dataset@16323687, com.example (truncated)...]
2025-11-06T15:12:11.288+09:00 DEBUG 23320 --- [hangle-app] [http-nio-8088-exec-9] o.s.web.servlet.DispatcherServlet        : Completed 200 OK
2025-11-06T15:12:11.701+09:00 DEBUG 23320 --- [hangle-app] [http-nio-8088-exec-10] o.s.web.servlet.DispatcherServlet        : GET "/api/datasets/sort/likes", parameters={}
2025-11-06T15:12:11.701+09:00 DEBUG 23320 --- [hangle-app] [http-nio-8088-exec-10] s.w.s.m.m.a.RequestMappingHandlerMapping : Mapped to com.example.hangle.controller.DatasetController#getByLikes()
2025-11-06T15:12:11.702+09:00 DEBUG 23320 --- [hangle-app] [http-nio-8088-exec-10] org.hibernate.SQL                        : 
    select
        d1_0.id,
        d1_0.author,
        d1_0.created_at,
        d1_0.description,
        d1_0.likes,
        d1_0.title 
    from
        datasets d1_0 
    order by
        d1_0.likes desc
2025-11-06T15:12:11.705+09:00 DEBUG 23320 --- [hangle-app] [http-nio-8088-exec-10] m.m.a.RequestResponseBodyMethodProcessor : Using 'application/json', given [*/*] and supported [application/json, application/*+json]
2025-11-06T15:12:11.705+09:00 DEBUG 23320 --- [hangle-app] [http-nio-8088-exec-10] m.m.a.RequestResponseBodyMethodProcessor : Writing [[com.example.hangle.entity.Dataset@627aa6aa, com.example.hangle.entity.Dataset@7dc64547, com.example (truncated)...]
2025-11-06T15:12:11.706+09:00 DEBUG 23320 --- [hangle-app] [http-nio-8088-exec-10] o.s.web.servlet.DispatcherServlet        : Completed 200 OK
2025-11-06T15:12:12.064+09:00 DEBUG 23320 --- [hangle-app] [http-nio-8088-exec-1] o.s.web.servlet.DispatcherServlet        : GET "/api/datasets", parameters={}
2025-11-06T15:12:12.064+09:00 DEBUG 23320 --- [hangle-app] [http-nio-8088-exec-1] s.w.s.m.m.a.RequestMappingHandlerMapping : Mapped to com.example.hangle.controller.DatasetController#getAll()
2025-11-06T15:12:12.065+09:00 DEBUG 23320 --- [hangle-app] [http-nio-8088-exec-1] org.hibernate.SQL                        : 
    select
        d1_0.id,
        d1_0.author,
        d1_0.created_at,
        d1_0.description,
        d1_0.likes,
        d1_0.title 
    from
        datasets d1_0 
    order by
        d1_0.created_at desc
2025-11-06T15:12:12.068+09:00 DEBUG 23320 --- [hangle-app] [http-nio-8088-exec-1] m.m.a.RequestResponseBodyMethodProcessor : Using 'application/json', given [*/*] and supported [application/json, application/*+json]
2025-11-06T15:12:12.068+09:00 DEBUG 23320 --- [hangle-app] [http-nio-8088-exec-1] m.m.a.RequestResponseBodyMethodProcessor : Writing [[com.example.hangle.entity.Dataset@44254c30, com.example.hangle.entity.Dataset@210e7db0, com.example (truncated)...]
2025-11-06T15:12:12.070+09:00 DEBUG 23320 --- [hangle-app] [http-nio-8088-exec-1] o.s.web.servlet.DispatcherServlet        : Completed 200 OK
2025-11-06T16:32:18.617+09:00  INFO 23320 --- [hangle-app] [SpringApplicationShutdownHook] o.s.b.w.e.tomcat.GracefulShutdown        : Commencing graceful shutdown. Waiting for active requests to complete
2025-11-06T16:32:18.638+09:00  INFO 23320 --- [hangle-app] [tomcat-shutdown] o.s.b.w.e.tomcat.GracefulShutdown        : Graceful shutdown complete
2025-11-06T16:32:18.645+09:00  INFO 23320 --- [hangle-app] [SpringApplicationShutdownHook] j.LocalContainerEntityManagerFactoryBean : Closing JPA EntityManagerFactory for persistence unit 'default'
2025-11-06T16:32:18.653+09:00  INFO 23320 --- [hangle-app] [SpringApplicationShutdownHook] com.zaxxer.hikari.HikariDataSource       : HikariPool-1 - Shutdown initiated...
2025-11-06T16:32:18.656+09:00  INFO 23320 --- [hangle-app] [SpringApplicationShutdownHook] com.zaxxer.hikari.HikariDataSource       : HikariPool-1 - Shutdown completed.
